[0m2021.02.17 16:03:12 INFO  Started: Metals version 0.9.10 in workspace '/Users/billlasley/Documents/GitHub/lila-openingexplorer' for client vscode 1.53.2.[0m
[0m2021.02.17 16:03:13 INFO  time: initialize in 1.68s[0m
[0m2021.02.17 16:03:14 WARN  Build server is not auto-connectable.[0m
[0m2021.02.17 16:03:22 INFO  running '/Users/billlasley/.jabba/jdk/adopt@1.11.0-9/Contents/Home/bin/java -Djline.terminal=jline.UnsupportedTerminal -Dsbt.log.noformat=true -Dfile.encoding=UTF-8 -jar /var/folders/3k/kvy6ccz93zxddhpv764phbhh0000gn/T/metals4454249569280220232/sbt-launch.jar -Dbloop.export-jar-classifiers=sources bloopInstall'[0m
[0m2021.02.17 16:03:22 WARN  no build target for: /Users/billlasley/Documents/GitHub/lila-openingexplorer/project/metals.sbt[0m
[0m2021.02.17 16:03:22 WARN  no build target for: /Users/billlasley/Documents/GitHub/lila-openingexplorer/project/project/metals.sbt[0m
[0m2021.02.17 16:03:22 WARN  Unable to produce semanticdb for /Users/billlasley/Documents/GitHub/lila-openingexplorer/project/project/metals.sbt[0m
[0m2021.02.17 16:03:22 WARN  Unable to produce semanticdb for /Users/billlasley/Documents/GitHub/lila-openingexplorer/project/metals.sbt[0m
[0m2021.02.17 16:03:22 INFO  skipping build import with status 'Started'[0m
[0m2021.02.17 16:03:23 INFO  [info] welcome to sbt 1.4.5 (AdoptOpenJDK Java 11.0.9)[0m
[0m2021.02.17 16:03:25 INFO  [info] loading settings for project lila-openingexplorer-build-build-build from metals.sbt ...[0m
[0m2021.02.17 16:03:25 INFO  [info] loading project definition from /Users/billlasley/Documents/GitHub/lila-openingexplorer/project/project/project[0m
[0m2021.02.17 16:03:27 INFO  [info] loading settings for project lila-openingexplorer-build-build from metals.sbt ...[0m
[0m2021.02.17 16:03:27 INFO  [info] loading project definition from /Users/billlasley/Documents/GitHub/lila-openingexplorer/project/project[0m
Align: top-level presets deprecated; use 'preset' subsection
[0m2021.02.17 16:03:41 INFO  [success] Generated .bloop/lila-openingexplorer-build-build.json[0m
[0m2021.02.17 16:03:41 INFO  [success] Total time: 13 s, completed Feb 17, 2021, 4:03:41 PM[0m
[0m2021.02.17 16:03:41 INFO  [info] loading settings for project lila-openingexplorer-build from metals.sbt,plugins.sbt ...[0m
[0m2021.02.17 16:03:41 INFO  [info] loading project definition from /Users/billlasley/Documents/GitHub/lila-openingexplorer/project[0m
[0m2021.02.17 16:03:42 INFO  [warn] There may be incompatibilities among your library dependencies; run 'evicted' to see detailed eviction warnings.[0m
[0m2021.02.17 16:03:42 INFO  [success] Generated .bloop/lila-openingexplorer-build.json[0m
[0m2021.02.17 16:03:42 INFO  [success] Total time: 1 s, completed Feb 17, 2021, 4:03:43 PM[0m
[0m2021.02.17 16:03:45 INFO  [info] loading settings for project root from build.sbt ...[0m
[0m2021.02.17 16:03:45 INFO  [info] set current project to lila-openingexplorer (in build file:/Users/billlasley/Documents/GitHub/lila-openingexplorer/)[0m
[0m2021.02.17 16:04:04 INFO  [warn] There may be incompatibilities among your library dependencies; run 'evicted' to see detailed eviction warnings.[0m
[0m2021.02.17 16:04:09 INFO  [warn] There may be incompatibilities among your library dependencies; run 'evicted' to see detailed eviction warnings.[0m
[0m2021.02.17 16:04:09 INFO  [success] Generated .bloop/root.json[0m
[0m2021.02.17 16:04:09 INFO  [success] Generated .bloop/root-test.json[0m
[0m2021.02.17 16:04:09 INFO  [success] Total time: 24 s, completed Feb 17, 2021, 4:04:09 PM[0m
[0m2021.02.17 16:04:09 INFO  sbt bloopInstall exit: 0[0m
[0m2021.02.17 16:04:10 INFO  time: ran 'sbt bloopInstall' in 47s[0m
[0m2021.02.17 16:04:10 INFO  Attempting to connect to the build server...[0m
Starting the bsp launcher for bloop...
Opening a bsp server connection with 'bsp --protocol local --socket /var/folders/3k/kvy6ccz93zxddhpv764phbhh0000gn/T/bsp-launcher12889748582227776508/bsp.socket'...
Waiting for the bsp connection to come up...
[0m[32m[D][0m Loading 2 projects from '/Users/billlasley/Documents/GitHub/lila-openingexplorer/.bloop'...
[0m[32m[D][0m Loading project from '/Users/billlasley/Documents/GitHub/lila-openingexplorer/.bloop/root.json'
[0m[32m[D][0m Loading project from '/Users/billlasley/Documents/GitHub/lila-openingexplorer/.bloop/root-test.json'
[0m[32m[D][0m Cache miss for scala instance org.scala-lang:scala-compiler:2.13.1.
[0m[32m[D][0m   => /Users/billlasley/Library/Caches/Coursier/v1/https/repo1.maven.org/maven2/jline/jline/2.14.6/jline-2.14.6.jar
[0m[32m[D][0m   => /Users/billlasley/Library/Caches/Coursier/v1/https/repo1.maven.org/maven2/org/fusesource/jansi/jansi/1.12/jansi-1.12.jar
[0m[32m[D][0m   => /Users/billlasley/Library/Caches/Coursier/v1/https/repo1.maven.org/maven2/org/scala-lang/scala-compiler/2.13.1/scala-compiler-2.13.1.jar
[0m[32m[D][0m   => /Users/billlasley/Library/Caches/Coursier/v1/https/repo1.maven.org/maven2/org/scala-lang/scala-library/2.13.1/scala-library-2.13.1.jar
[0m[32m[D][0m   => /Users/billlasley/Library/Caches/Coursier/v1/https/repo1.maven.org/maven2/org/scala-lang/scala-reflect/2.13.1/scala-reflect-2.13.1.jar
[0m[32m[D][0m Missing analysis file for project 'root-test'
[0m[32m[D][0m Missing analysis file for project 'root'
[0m[32m[D][0m Waiting for a connection at local:///var/folders/3k/kvy6ccz93zxddhpv764phbhh0000gn/T/bsp-launcher12889748582227776508/bsp.socket...
The server is listening for incoming connections at local:///var/folders/3k/kvy6ccz93zxddhpv764phbhh0000gn/T/bsp-launcher12889748582227776508/bsp.socket...
Starting thread that pumps stdin and redirects it to the bsp server...
Starting thread that pumps server stdout and redirects it to the client stdout...
[0m2021.02.17 16:04:10 INFO  tracing is disabled for protocol BSP, to enable tracing of incoming and outgoing JSON messages create an empty file at /Users/billlasley/Library/Caches/org.scalameta.metals/bsp.trace.json[0m
[0m2021.02.17 16:04:18 INFO  Attempting to connect to the build server...[0m
Starting the bsp launcher for bloop...
[0m2021.02.17 16:04:18 INFO  Attempting to connect to the build server...[0m
Opening a bsp server connection with 'bsp --protocol local --socket /var/folders/3k/kvy6ccz93zxddhpv764phbhh0000gn/T/bsp-launcher5395712527092804236/bsp.socket'...
Waiting for the bsp connection to come up...
Starting the bsp launcher for bloop...
Opening a bsp server connection with 'bsp --protocol local --socket /var/folders/3k/kvy6ccz93zxddhpv764phbhh0000gn/T/bsp-launcher15403204331132564128/bsp.socket'...
Waiting for the bsp connection to come up...
[0m[32m[D][0m Loading workspace settings from bloop.settings.json
[0m[32m[D][0m Waiting for a connection at local:///var/folders/3k/kvy6ccz93zxddhpv764phbhh0000gn/T/bsp-launcher5395712527092804236/bsp.socket...
The server is listening for incoming connections at local:///var/folders/3k/kvy6ccz93zxddhpv764phbhh0000gn/T/bsp-launcher5395712527092804236/bsp.socket...
[0m[32m[D][0m Loading workspace settings from bloop.settings.json
[0m[32m[D][0m Waiting for a connection at local:///var/folders/3k/kvy6ccz93zxddhpv764phbhh0000gn/T/bsp-launcher15403204331132564128/bsp.socket...
The server is listening for incoming connections at local:///var/folders/3k/kvy6ccz93zxddhpv764phbhh0000gn/T/bsp-launcher15403204331132564128/bsp.socket...
Starting thread that pumps stdin and redirects it to the bsp server...
Starting thread that pumps stdin and redirects it to the bsp server...
Starting thread that pumps server stdout and redirects it to the client stdout...
Starting thread that pumps server stdout and redirects it to the client stdout...
[0m2021.02.17 16:04:18 INFO  tracing is disabled for protocol BSP, to enable tracing of incoming and outgoing JSON messages create an empty file at /Users/billlasley/Library/Caches/org.scalameta.metals/bsp.trace.json[0m
[0m2021.02.17 16:04:18 INFO  tracing is disabled for protocol BSP, to enable tracing of incoming and outgoing JSON messages create an empty file at /Users/billlasley/Library/Caches/org.scalameta.metals/bsp.trace.json[0m
[0m2021.02.17 16:04:18 INFO  time: connected to build server in 8.19s[0m
[0m2021.02.17 16:04:18 INFO  Connected to Build server v1.4.6-21-464e4ec4[0m
[0m2021.02.17 16:04:23 INFO  time: indexed workspace in 5.54s[0m
[0m2021.02.17 16:29:18 INFO  shutting down Metals[0m
[0m2021.02.17 16:29:18 INFO  Shut down connection with build server.[0m
[0m2021.02.17 16:29:18 INFO  Shut down connection with build server.[0m
[0m2021.02.17 16:29:18 INFO  No more data in the server stdin, exiting...
No more data in the server stdin, exiting...
Shut down connection with build server.No more data in the server stdin, exiting...[0m

No more data in the server stdin, exiting...
No more data in the client stdin, exiting...
No more data in the client stdin, exiting...
No more data in the client stdin, exiting...
No more data in the server stdin, exiting...
No more data in the server stdin, exiting...
